This file contains any messages produced by compilers while
running configure, to aid debugging if configure makes a mistake.

It was created by BCFtools configure 1.11, which was
generated by GNU Autoconf 2.69.  Invocation command line was

  $ ./configure 

## --------- ##
## Platform. ##
## --------- ##

hostname = blackmon-mbp13-01.local
uname -m = x86_64
uname -r = 19.6.0
uname -s = Darwin
uname -v = Darwin Kernel Version 19.6.0: Mon Aug 31 22:12:52 PDT 2020; root:xnu-6153.141.2~1/RELEASE_X86_64

/usr/bin/uname -p = i386
/bin/uname -X     = unknown

/bin/arch              = unknown
/usr/bin/arch -k       = unknown
/usr/convex/getsysinfo = unknown
/usr/bin/hostinfo      = Mach kernel version:
	 Darwin Kernel Version 19.6.0: Mon Aug 31 22:12:52 PDT 2020; root:xnu-6153.141.2~1/RELEASE_X86_64
Kernel configured for up to 8 processors.
4 processors are physically available.
8 processors are logically available.
Processor type: x86_64h (Intel x86-64h Haswell)
Processors active: 0 1 2 3 4 5 6 7
Primary memory available: 16.00 gigabytes
Default processor set: 525 tasks, 3544 threads, 8 processors
Load average: 3.00, Mach factor: 4.98
/bin/machine           = unknown
/usr/bin/oslevel       = unknown
/bin/universe          = unknown

PATH: /opt/anaconda3/bin
PATH: /opt/anaconda3/condabin
PATH: /Library/Frameworks/Python.framework/Versions/3.8/bin
PATH: /usr/local/bin
PATH: /usr/bin
PATH: /bin
PATH: /usr/sbin
PATH: /sbin


## ----------- ##
## Core tests. ##
## ----------- ##

configure:2014: checking for gcc
configure:2030: found /usr/bin/gcc
configure:2041: result: gcc
configure:2270: checking for C compiler version
configure:2279: gcc --version >&5
Apple clang version 11.0.0 (clang-1100.0.33.17)
Target: x86_64-apple-darwin19.6.0
Thread model: posix
InstalledDir: /Applications/Xcode.app/Contents/Developer/Toolchains/XcodeDefault.xctoolchain/usr/bin
Configured with: --prefix=/Applications/Xcode.app/Contents/Developer/usr --with-gxx-include-dir=/Applications/Xcode.app/Contents/Developer/Platforms/MacOSX.platform/Developer/SDKs/MacOSX.sdk/usr/include/c++/4.2.1
configure:2290: $? = 0
configure:2279: gcc -v >&5
Configured with: --prefix=/Applications/Xcode.app/Contents/Developer/usr --with-gxx-include-dir=/Applications/Xcode.app/Contents/Developer/Platforms/MacOSX.platform/Developer/SDKs/MacOSX.sdk/usr/include/c++/4.2.1
Apple clang version 11.0.0 (clang-1100.0.33.17)
Target: x86_64-apple-darwin19.6.0
Thread model: posix
InstalledDir: /Applications/Xcode.app/Contents/Developer/Toolchains/XcodeDefault.xctoolchain/usr/bin
configure:2290: $? = 0
configure:2279: gcc -V >&5
clang: error: unsupported option '-V -Wno-framework-include-private-from-public'
clang: error: no input files
configure:2290: $? = 1
configure:2279: gcc -qversion >&5
clang: error: unknown argument '-qversion', did you mean '--version'?
clang: error: no input files
configure:2290: $? = 1
configure:2310: checking whether the C compiler works
configure:2332: gcc    conftest.c  >&5
configure:2336: $? = 0
configure:2384: result: yes
configure:2387: checking for C compiler default output file name
configure:2389: result: a.out
configure:2395: checking for suffix of executables
configure:2402: gcc -o conftest    conftest.c  >&5
configure:2406: $? = 0
configure:2428: result: 
configure:2450: checking whether we are cross compiling
configure:2458: gcc -o conftest    conftest.c  >&5
configure:2462: $? = 0
configure:2469: ./conftest
configure:2473: $? = 0
configure:2488: result: no
configure:2493: checking for suffix of object files
configure:2515: gcc -c   conftest.c >&5
configure:2519: $? = 0
configure:2540: result: o
configure:2544: checking whether we are using the GNU C compiler
configure:2563: gcc -c   conftest.c >&5
configure:2563: $? = 0
configure:2572: result: yes
configure:2581: checking whether gcc accepts -g
configure:2601: gcc -c -g  conftest.c >&5
configure:2601: $? = 0
configure:2642: result: yes
configure:2659: checking for gcc option to accept ISO C89
configure:2722: gcc  -c -g -O2  conftest.c >&5
configure:2722: $? = 0
configure:2735: result: none needed
configure:2756: checking for grep that handles long lines and -e
configure:2814: result: /usr/bin/grep
configure:2839: checking for C compiler warning flags
configure:2952: result: -Wall
configure:3045: checking for special C compiler options needed for large files
configure:3090: result: no
configure:3096: checking for _FILE_OFFSET_BITS value needed for large files
configure:3121: gcc -c  -Wall -g -O2  conftest.c >&5
configure:3121: $? = 0
configure:3153: result: no
configure:3355: checking location of HTSlib source tree
configure:3376: result: htslib-1.11
configure:3561: checking shared library type
configure:3591: result: Darwin dylib
configure:3607: checking for library containing dlopen
configure:3638: gcc -o conftest  -Wall -g -O2   conftest.c  >&5
configure:3638: $? = 0
configure:3655: result: none required
configure:3734: checking if the compiler accepts -rdynamic
configure:3749: gcc -o conftest  -Wall -g -O2 -rdynamic   conftest.c  >&5
configure:3749: $? = 0
configure:3757: result: yes
configure:3769: checking for zlib.h
configure:3769: gcc -c  -Wall -g -O2  conftest.c >&5
configure:3769: $? = 0
configure:3769: result: yes
configure:3778: checking for inflate in -lz
configure:3803: gcc -o conftest  -Wall -g -O2   conftest.c -lz   >&5
configure:3803: $? = 0
configure:3812: result: yes
configure:4111: checking for library containing regcomp
configure:4142: gcc -o conftest  -Wall -g -O2   conftest.c  >&5
configure:4142: $? = 0
configure:4159: result: none required
configure:4297: creating ./config.status

## ---------------------- ##
## Running config.status. ##
## ---------------------- ##

This file was extended by BCFtools config.status 1.11, which was
generated by GNU Autoconf 2.69.  Invocation command line was

  CONFIG_FILES    = 
  CONFIG_HEADERS  = 
  CONFIG_LINKS    = 
  CONFIG_COMMANDS = 
  $ ./config.status 

on blackmon-mbp13-01.local

config.status:808: creating config.mk
config.status:808: creating config.h
configure:5522: === configuring in htslib-1.11 (/Users/michelle/Desktop/bcftools-1.11/htslib-1.11)
configure:5585: running /bin/sh ./configure --disable-option-checking '--prefix=/usr/local'  --cache-file=/dev/null --srcdir=.

## ---------------- ##
## Cache variables. ##
## ---------------- ##

ac_cv_c_compiler_gnu=yes
ac_cv_env_CC_set=
ac_cv_env_CC_value=
ac_cv_env_CFLAGS_set=
ac_cv_env_CFLAGS_value=
ac_cv_env_CPPFLAGS_set=
ac_cv_env_CPPFLAGS_value=
ac_cv_env_LDFLAGS_set=
ac_cv_env_LDFLAGS_value=
ac_cv_env_LIBS_set=
ac_cv_env_LIBS_value=
ac_cv_env_build_alias_set=
ac_cv_env_build_alias_value=
ac_cv_env_host_alias_set=
ac_cv_env_host_alias_value=
ac_cv_env_target_alias_set=
ac_cv_env_target_alias_value=
ac_cv_header_zlib_h=yes
ac_cv_lib_z_inflate=yes
ac_cv_objext=o
ac_cv_path_GREP=/usr/bin/grep
ac_cv_prog_ac_ct_CC=gcc
ac_cv_prog_cc_c89=
ac_cv_prog_cc_g=yes
ac_cv_search_dlopen='none required'
ac_cv_search_regcomp='none required'
ac_cv_sys_file_offset_bits=no
ac_cv_sys_largefile_CC=no
ax_cv_htslib=yes
ax_cv_htslib_which=source
hts_cv_prog_cc_warnings=-Wall

## ----------------- ##
## Output variables. ##
## ----------------- ##

CC='gcc'
CC_RDYNAMIC_OPT='-rdynamic'
CFLAGS=' -Wall -g -O2'
CPPFLAGS=''
DEFS='-DHAVE_CONFIG_H'
ECHO_C='\c'
ECHO_N=''
ECHO_T=''
EXEEXT=''
GREP='/usr/bin/grep'
GSL_LIBS=''
HTSDIR='htslib-1.11'
HTSLIB_CPPFLAGS='-Ihtslib-1.11'
HTSLIB_DLL=''
HTSLIB_LDFLAGS='-Lhtslib-1.11'
Hinstall='#'
Hsource=''
LDFLAGS=''
LIBOBJS=''
LIBS=''
LTLIBOBJS=''
OBJEXT='o'
PACKAGE_BUGREPORT='samtools-help@lists.sourceforge.net'
PACKAGE_NAME='BCFtools'
PACKAGE_STRING='BCFtools 1.11'
PACKAGE_TARNAME='bcftools'
PACKAGE_URL='http://www.htslib.org/'
PACKAGE_VERSION='1.11'
PATH_SEPARATOR=':'
PERL_CCOPTS=''
PERL_LIBS=''
PLATFORM='Darwin'
PLUGIN_EXT='.so'
SHELL='/bin/sh'
USE_GPL=''
ac_ct_CC='gcc'
bcf_plugindir='$(libexecdir)/bcftools'
bcf_pluginpath='$(libexecdir)/bcftools'
bindir='${exec_prefix}/bin'
build_alias=''
datadir='${datarootdir}'
datarootdir='${prefix}/share'
docdir='${datarootdir}/doc/${PACKAGE_TARNAME}'
dvidir='${docdir}'
enable_bcftools_plugins='yes'
enable_perl_filters='no'
exec_prefix='${prefix}'
host_alias='unknown-Darwin'
htmldir='${docdir}'
includedir='${prefix}/include'
infodir='${datarootdir}/info'
libdir='${exec_prefix}/lib'
libexecdir='${exec_prefix}/libexec'
localedir='${datarootdir}/locale'
localstatedir='${prefix}/var'
mandir='${datarootdir}/man'
oldincludedir='/usr/include'
pdfdir='${docdir}'
prefix='/usr/local'
program_transform_name='s,x,x,'
psdir='${docdir}'
runstatedir='${localstatedir}/run'
sbindir='${exec_prefix}/sbin'
sharedstatedir='${prefix}/com'
subdirs=' htslib-1.11'
sysconfdir='${prefix}/etc'
target_alias=''

## ----------- ##
## confdefs.h. ##
## ----------- ##

/* confdefs.h */
#define PACKAGE_NAME "BCFtools"
#define PACKAGE_TARNAME "bcftools"
#define PACKAGE_VERSION "1.11"
#define PACKAGE_STRING "BCFtools 1.11"
#define PACKAGE_BUGREPORT "samtools-help@lists.sourceforge.net"
#define PACKAGE_URL "http://www.htslib.org/"
#define PLUGIN_EXT ".so"
#define ENABLE_BCF_PLUGINS 1
#define HAVE_LIBZ 1

configure: exit 0
